<!DOCTYPE html PUBLIC "-//W3C//DTD XHTML 1.1//EN" "http://www.w3.org/TR/xhtml11/DTD/xhtml11.dtd">
<html xmlns="http://www.w3.org/1999/xhtml"><head><title>TestNG Report</title><style type="text/css">table {margin-bottom:10px;border-collapse:collapse;empty-cells:show}th,td {border:1px solid #009;padding:.25em .5em}th {vertical-align:bottom}td {vertical-align:top}table a {font-weight:bold}.stripe td {background-color: #E6EBF9}.num {text-align:right}.passedodd td {background-color: #3F3}.passedeven td {background-color: #0A0}.skippedodd td {background-color: #DDD}.skippedeven td {background-color: #CCC}.failedodd td,.attn {background-color: #F33}.failedeven td,.stripe .attn {background-color: #D00}.stacktrace {white-space:pre;font-family:monospace}.totop {font-size:85%;text-align:center;border-bottom:2px solid #000}</style></head><body><table><tr><th>Test</th><th># Passed</th><th># Skipped</th><th># Failed</th><th>Time (ms)</th><th>Included Groups</th><th>Excluded Groups</th></tr><tr><th colspan="7">Suite</th></tr><tr><td><a href="#t0">Test1</a></td><td class="num">0</td><td class="num">0</td><td class="num">0</td><td class="num">5</td><td></td><td></td></tr><tr class="stripe"><td><a href="#t1">Test2</a></td><td class="num">3</td><td class="num">0</td><td class="num">0</td><td class="num">112,395</td><td></td><td></td></tr><tr><td><a href="#t2">Test3</a></td><td class="num">1</td><td class="num">0</td><td class="num">0</td><td class="num">42,224</td><td></td><td></td></tr><tr class="stripe"><td><a href="#t3">Test4</a></td><td class="num">0</td><td class="num">0</td><td class="num attn">5</td><td class="num">93,721</td><td></td><td></td></tr><tr><td><a href="#t4">Test5</a></td><td class="num">3</td><td class="num">0</td><td class="num">0</td><td class="num">59,211</td><td></td><td></td></tr><tr><th>Total</th><th class="num">7</th><th class="num">0</th><th class="num attn">5</th><th class="num">307,556</th><th colspan="2"></th></tr></table><table><thead><tr><th>Class</th><th>Method</th><th>Start</th><th>Time (ms)</th></tr></thead><tbody><tr><th colspan="4">Suite</th></tr></tbody><tbody id="t0"></tbody><tbody id="t1"><tr><th colspan="4">Test2 &#8212; passed</th></tr><tr class="passedeven"><td rowspan="3">actions.LoginTestSuite</td><td><a href="#m0">InvalidUsernameAndValidPassword</a></td><td rowspan="1">1564574803778</td><td rowspan="1">58628</td></tr><tr class="passedeven"><td><a href="#m1">successfulLogin</a></td><td rowspan="1">1564574874240</td><td rowspan="1">2970</td></tr><tr class="passedeven"><td><a href="#m2">validEmailAndInvalidPassword</a></td><td rowspan="1">1564574862411</td><td rowspan="1">11828</td></tr></tbody><tbody id="t2"><tr><th colspan="4">Test3 &#8212; passed</th></tr><tr class="passedeven"><td rowspan="1">actions.HomeScreenTestSuite</td><td><a href="#m3">verifyHomeScreenElementsPresent</a></td><td rowspan="1">1564574913637</td><td rowspan="1">3658</td></tr></tbody><tbody id="t3"><tr><th colspan="4">Test4 &#8212; failed</th></tr><tr class="failedeven"><td rowspan="5">actions.ProfilePageTestSuite</td><td><a href="#m4">changeFirstLastNameSuccessfully</a></td><td rowspan="1">1564574955701</td><td rowspan="1">13562</td></tr><tr class="failedeven"><td><a href="#m5">changePasswordAllFieldsEmpty</a></td><td rowspan="1">1564574981092</td><td rowspan="1">11251</td></tr><tr class="failedeven"><td><a href="#m6">changePasswordInvalidOldPassword</a></td><td rowspan="1">1564574969277</td><td rowspan="1">11814</td></tr><tr class="failedeven"><td><a href="#m7">changePasswordNewPasswordAndReTypePasswordFieldsAreEmpty</a></td><td rowspan="1">1564574992346</td><td rowspan="1">10781</td></tr><tr class="failedeven"><td><a href="#m8">changePasswordSuccessfully</a></td><td rowspan="1">1564575003128</td><td rowspan="1">10713</td></tr></tbody><tbody id="t4"><tr><th colspan="4">Test5 &#8212; passed</th></tr><tr class="passedeven"><td rowspan="3">actions.SavedPaymentSuite</td><td><a href="#m9">verifyQROptionIsPresentWhenPayingFromSavedPaymentAirtime</a></td><td rowspan="1">1564575049590</td><td rowspan="1">8128</td></tr><tr class="passedeven"><td><a href="#m10">verifyQROptionIsPresentWhenPayingFromSavedPaymentForBills</a></td><td rowspan="1">1564575057718</td><td rowspan="1">6658</td></tr><tr class="passedeven"><td><a href="#m11">verifyQROptionIsPresentWhenPayingFromSavedPaymentForTransfer</a></td><td rowspan="1">1564575064377</td><td rowspan="1">5246</td></tr></tbody></table><h2>Test1</h2><h2>Test2</h2><h3 id="m0">actions.LoginTestSuite#InvalidUsernameAndValidPassword</h3><table class="result"></table><p class="totop"><a href="#summary">back to summary</a></p><h3 id="m1">actions.LoginTestSuite#successfulLogin</h3><table class="result"></table><p class="totop"><a href="#summary">back to summary</a></p><h3 id="m2">actions.LoginTestSuite#validEmailAndInvalidPassword</h3><table class="result"></table><p class="totop"><a href="#summary">back to summary</a></p><h2>Test3</h2><h3 id="m3">actions.HomeScreenTestSuite#verifyHomeScreenElementsPresent</h3><table class="result"></table><p class="totop"><a href="#summary">back to summary</a></p><h2>Test4</h2><h3 id="m4">actions.ProfilePageTestSuite#changeFirstLastNameSuccessfully</h3><table class="result"><tr><th>Exception</th></tr><tr><td><div class="stacktrace">org.openqa.selenium.NoSuchElementException: Unable to locate element: //span[@id=&apos;ProfileDropDown&apos;]//*[@id=&apos;Capa_1&apos;]
For documentation on this error, please visit: http://seleniumhq.org/exceptions/no_such_element.html
Build info: version: &apos;3.7.1&apos;, revision: &apos;8a0099a&apos;, time: &apos;2017-11-06T21:01:39.354Z&apos;
System info: host: &apos;ISW-GSIG-UO1&apos;, ip: &apos;172.16.5.91&apos;, os.name: &apos;Windows 10&apos;, os.arch: &apos;amd64&apos;, os.version: &apos;10.0&apos;, java.version: &apos;1.8.0_201&apos;
Driver info: org.openqa.selenium.firefox.FirefoxDriver
Capabilities {acceptInsecureCerts: true, browserName: firefox, browserVersion: 68.0, javascriptEnabled: true, moz:accessibilityChecks: false, moz:buildID: 20190705220548, moz:geckodriverVersion: 0.24.0, moz:headless: false, moz:processID: 43652, moz:profile: C:\Users\efetobor.obominuru..., moz:shutdownTimeout: 60000, moz:useNonSpecCompliantPointerOrigin: false, moz:webdriverClick: true, pageLoadStrategy: normal, platform: WINDOWS, platformName: WINDOWS, platformVersion: 10.0, rotatable: false, setWindowRect: true, strictFileInteractability: false, timeouts: {implicit: 0, pageLoad: 300000, script: 30000}, unhandledPromptBehavior: dismiss and notify}
Session ID: c88c6f95-ae11-477d-8084-0ebd098589bc
*** Element info: {Using=xpath, value=//span[@id=&apos;ProfileDropDown&apos;]//*[@id=&apos;Capa_1&apos;]}
	at org.openqa.selenium.remote.http.W3CHttpResponseCodec.createException(W3CHttpResponseCodec.java:187)
	at org.openqa.selenium.remote.http.W3CHttpResponseCodec.decode(W3CHttpResponseCodec.java:122)
	at org.openqa.selenium.remote.http.W3CHttpResponseCodec.decode(W3CHttpResponseCodec.java:49)
	at org.openqa.selenium.remote.HttpCommandExecutor.execute(HttpCommandExecutor.java:164)
	at org.openqa.selenium.remote.service.DriverCommandExecutor.execute(DriverCommandExecutor.java:83)
	at org.openqa.selenium.remote.RemoteWebDriver.execute(RemoteWebDriver.java:600)
	at org.openqa.selenium.remote.RemoteWebDriver.findElement(RemoteWebDriver.java:370)
	at org.openqa.selenium.remote.RemoteWebDriver.findElementByXPath(RemoteWebDriver.java:472)
	at org.openqa.selenium.By$ByXPath.findElement(By.java:361)
	at org.openqa.selenium.remote.RemoteWebDriver.findElement(RemoteWebDriver.java:362)
	at pages.TopBarHeader.clickOnProfileIcon(TopBarHeader.java:20)
	at actions.ProfilePageTestSuite.changeFirstLastNameSuccessfully(ProfilePageTestSuite.java:55)
... Removed 33 stack frames</div></td></tr></table><p class="totop"><a href="#summary">back to summary</a></p><h3 id="m5">actions.ProfilePageTestSuite#changePasswordAllFieldsEmpty</h3><table class="result"><tr><th>Exception</th></tr><tr><td><div class="stacktrace">org.openqa.selenium.NoSuchElementException: Unable to locate element: //span[@id=&apos;ProfileDropDown&apos;]//*[@id=&apos;Capa_1&apos;]
For documentation on this error, please visit: http://seleniumhq.org/exceptions/no_such_element.html
Build info: version: &apos;3.7.1&apos;, revision: &apos;8a0099a&apos;, time: &apos;2017-11-06T21:01:39.354Z&apos;
System info: host: &apos;ISW-GSIG-UO1&apos;, ip: &apos;172.16.5.91&apos;, os.name: &apos;Windows 10&apos;, os.arch: &apos;amd64&apos;, os.version: &apos;10.0&apos;, java.version: &apos;1.8.0_201&apos;
Driver info: org.openqa.selenium.firefox.FirefoxDriver
Capabilities {acceptInsecureCerts: true, browserName: firefox, browserVersion: 68.0, javascriptEnabled: true, moz:accessibilityChecks: false, moz:buildID: 20190705220548, moz:geckodriverVersion: 0.24.0, moz:headless: false, moz:processID: 43652, moz:profile: C:\Users\efetobor.obominuru..., moz:shutdownTimeout: 60000, moz:useNonSpecCompliantPointerOrigin: false, moz:webdriverClick: true, pageLoadStrategy: normal, platform: WINDOWS, platformName: WINDOWS, platformVersion: 10.0, rotatable: false, setWindowRect: true, strictFileInteractability: false, timeouts: {implicit: 0, pageLoad: 300000, script: 30000}, unhandledPromptBehavior: dismiss and notify}
Session ID: c88c6f95-ae11-477d-8084-0ebd098589bc
*** Element info: {Using=xpath, value=//span[@id=&apos;ProfileDropDown&apos;]//*[@id=&apos;Capa_1&apos;]}
	at org.openqa.selenium.remote.http.W3CHttpResponseCodec.createException(W3CHttpResponseCodec.java:187)
	at org.openqa.selenium.remote.http.W3CHttpResponseCodec.decode(W3CHttpResponseCodec.java:122)
	at org.openqa.selenium.remote.http.W3CHttpResponseCodec.decode(W3CHttpResponseCodec.java:49)
	at org.openqa.selenium.remote.HttpCommandExecutor.execute(HttpCommandExecutor.java:164)
	at org.openqa.selenium.remote.service.DriverCommandExecutor.execute(DriverCommandExecutor.java:83)
	at org.openqa.selenium.remote.RemoteWebDriver.execute(RemoteWebDriver.java:600)
	at org.openqa.selenium.remote.RemoteWebDriver.findElement(RemoteWebDriver.java:370)
	at org.openqa.selenium.remote.RemoteWebDriver.findElementByXPath(RemoteWebDriver.java:472)
	at org.openqa.selenium.By$ByXPath.findElement(By.java:361)
	at org.openqa.selenium.remote.RemoteWebDriver.findElement(RemoteWebDriver.java:362)
	at pages.TopBarHeader.clickOnProfileIcon(TopBarHeader.java:20)
	at actions.ProfilePageTestSuite.changePasswordAllFieldsEmpty(ProfilePageTestSuite.java:106)
... Removed 33 stack frames</div></td></tr></table><p class="totop"><a href="#summary">back to summary</a></p><h3 id="m6">actions.ProfilePageTestSuite#changePasswordInvalidOldPassword</h3><table class="result"><tr><th>Exception</th></tr><tr><td><div class="stacktrace">org.openqa.selenium.NoSuchElementException: Unable to locate element: //span[@id=&apos;ProfileDropDown&apos;]//*[@id=&apos;Capa_1&apos;]
For documentation on this error, please visit: http://seleniumhq.org/exceptions/no_such_element.html
Build info: version: &apos;3.7.1&apos;, revision: &apos;8a0099a&apos;, time: &apos;2017-11-06T21:01:39.354Z&apos;
System info: host: &apos;ISW-GSIG-UO1&apos;, ip: &apos;172.16.5.91&apos;, os.name: &apos;Windows 10&apos;, os.arch: &apos;amd64&apos;, os.version: &apos;10.0&apos;, java.version: &apos;1.8.0_201&apos;
Driver info: org.openqa.selenium.firefox.FirefoxDriver
Capabilities {acceptInsecureCerts: true, browserName: firefox, browserVersion: 68.0, javascriptEnabled: true, moz:accessibilityChecks: false, moz:buildID: 20190705220548, moz:geckodriverVersion: 0.24.0, moz:headless: false, moz:processID: 43652, moz:profile: C:\Users\efetobor.obominuru..., moz:shutdownTimeout: 60000, moz:useNonSpecCompliantPointerOrigin: false, moz:webdriverClick: true, pageLoadStrategy: normal, platform: WINDOWS, platformName: WINDOWS, platformVersion: 10.0, rotatable: false, setWindowRect: true, strictFileInteractability: false, timeouts: {implicit: 0, pageLoad: 300000, script: 30000}, unhandledPromptBehavior: dismiss and notify}
Session ID: c88c6f95-ae11-477d-8084-0ebd098589bc
*** Element info: {Using=xpath, value=//span[@id=&apos;ProfileDropDown&apos;]//*[@id=&apos;Capa_1&apos;]}
	at org.openqa.selenium.remote.http.W3CHttpResponseCodec.createException(W3CHttpResponseCodec.java:187)
	at org.openqa.selenium.remote.http.W3CHttpResponseCodec.decode(W3CHttpResponseCodec.java:122)
	at org.openqa.selenium.remote.http.W3CHttpResponseCodec.decode(W3CHttpResponseCodec.java:49)
	at org.openqa.selenium.remote.HttpCommandExecutor.execute(HttpCommandExecutor.java:164)
	at org.openqa.selenium.remote.service.DriverCommandExecutor.execute(DriverCommandExecutor.java:83)
	at org.openqa.selenium.remote.RemoteWebDriver.execute(RemoteWebDriver.java:600)
	at org.openqa.selenium.remote.RemoteWebDriver.findElement(RemoteWebDriver.java:370)
	at org.openqa.selenium.remote.RemoteWebDriver.findElementByXPath(RemoteWebDriver.java:472)
	at org.openqa.selenium.By$ByXPath.findElement(By.java:361)
	at org.openqa.selenium.remote.RemoteWebDriver.findElement(RemoteWebDriver.java:362)
	at pages.TopBarHeader.clickOnProfileIcon(TopBarHeader.java:20)
	at actions.ProfilePageTestSuite.changePasswordInvalidOldPassword(ProfilePageTestSuite.java:82)
... Removed 33 stack frames</div></td></tr></table><p class="totop"><a href="#summary">back to summary</a></p><h3 id="m7">actions.ProfilePageTestSuite#changePasswordNewPasswordAndReTypePasswordFieldsAreEmpty</h3><table class="result"><tr><th>Exception</th></tr><tr><td><div class="stacktrace">org.openqa.selenium.NoSuchElementException: Unable to locate element: //span[@id=&apos;ProfileDropDown&apos;]//*[@id=&apos;Capa_1&apos;]
For documentation on this error, please visit: http://seleniumhq.org/exceptions/no_such_element.html
Build info: version: &apos;3.7.1&apos;, revision: &apos;8a0099a&apos;, time: &apos;2017-11-06T21:01:39.354Z&apos;
System info: host: &apos;ISW-GSIG-UO1&apos;, ip: &apos;172.16.5.91&apos;, os.name: &apos;Windows 10&apos;, os.arch: &apos;amd64&apos;, os.version: &apos;10.0&apos;, java.version: &apos;1.8.0_201&apos;
Driver info: org.openqa.selenium.firefox.FirefoxDriver
Capabilities {acceptInsecureCerts: true, browserName: firefox, browserVersion: 68.0, javascriptEnabled: true, moz:accessibilityChecks: false, moz:buildID: 20190705220548, moz:geckodriverVersion: 0.24.0, moz:headless: false, moz:processID: 43652, moz:profile: C:\Users\efetobor.obominuru..., moz:shutdownTimeout: 60000, moz:useNonSpecCompliantPointerOrigin: false, moz:webdriverClick: true, pageLoadStrategy: normal, platform: WINDOWS, platformName: WINDOWS, platformVersion: 10.0, rotatable: false, setWindowRect: true, strictFileInteractability: false, timeouts: {implicit: 0, pageLoad: 300000, script: 30000}, unhandledPromptBehavior: dismiss and notify}
Session ID: c88c6f95-ae11-477d-8084-0ebd098589bc
*** Element info: {Using=xpath, value=//span[@id=&apos;ProfileDropDown&apos;]//*[@id=&apos;Capa_1&apos;]}
	at org.openqa.selenium.remote.http.W3CHttpResponseCodec.createException(W3CHttpResponseCodec.java:187)
	at org.openqa.selenium.remote.http.W3CHttpResponseCodec.decode(W3CHttpResponseCodec.java:122)
	at org.openqa.selenium.remote.http.W3CHttpResponseCodec.decode(W3CHttpResponseCodec.java:49)
	at org.openqa.selenium.remote.HttpCommandExecutor.execute(HttpCommandExecutor.java:164)
	at org.openqa.selenium.remote.service.DriverCommandExecutor.execute(DriverCommandExecutor.java:83)
	at org.openqa.selenium.remote.RemoteWebDriver.execute(RemoteWebDriver.java:600)
	at org.openqa.selenium.remote.RemoteWebDriver.findElement(RemoteWebDriver.java:370)
	at org.openqa.selenium.remote.RemoteWebDriver.findElementByXPath(RemoteWebDriver.java:472)
	at org.openqa.selenium.By$ByXPath.findElement(By.java:361)
	at org.openqa.selenium.remote.RemoteWebDriver.findElement(RemoteWebDriver.java:362)
	at pages.TopBarHeader.clickOnProfileIcon(TopBarHeader.java:20)
	at actions.ProfilePageTestSuite.changePasswordNewPasswordAndReTypePasswordFieldsAreEmpty(ProfilePageTestSuite.java:128)
... Removed 33 stack frames</div></td></tr></table><p class="totop"><a href="#summary">back to summary</a></p><h3 id="m8">actions.ProfilePageTestSuite#changePasswordSuccessfully</h3><table class="result"><tr><th>Exception</th></tr><tr><td><div class="stacktrace">org.openqa.selenium.NoSuchElementException: Unable to locate element: //span[@id=&apos;ProfileDropDown&apos;]//*[@id=&apos;Capa_1&apos;]
For documentation on this error, please visit: http://seleniumhq.org/exceptions/no_such_element.html
Build info: version: &apos;3.7.1&apos;, revision: &apos;8a0099a&apos;, time: &apos;2017-11-06T21:01:39.354Z&apos;
System info: host: &apos;ISW-GSIG-UO1&apos;, ip: &apos;172.16.5.91&apos;, os.name: &apos;Windows 10&apos;, os.arch: &apos;amd64&apos;, os.version: &apos;10.0&apos;, java.version: &apos;1.8.0_201&apos;
Driver info: org.openqa.selenium.firefox.FirefoxDriver
Capabilities {acceptInsecureCerts: true, browserName: firefox, browserVersion: 68.0, javascriptEnabled: true, moz:accessibilityChecks: false, moz:buildID: 20190705220548, moz:geckodriverVersion: 0.24.0, moz:headless: false, moz:processID: 43652, moz:profile: C:\Users\efetobor.obominuru..., moz:shutdownTimeout: 60000, moz:useNonSpecCompliantPointerOrigin: false, moz:webdriverClick: true, pageLoadStrategy: normal, platform: WINDOWS, platformName: WINDOWS, platformVersion: 10.0, rotatable: false, setWindowRect: true, strictFileInteractability: false, timeouts: {implicit: 0, pageLoad: 300000, script: 30000}, unhandledPromptBehavior: dismiss and notify}
Session ID: c88c6f95-ae11-477d-8084-0ebd098589bc
*** Element info: {Using=xpath, value=//span[@id=&apos;ProfileDropDown&apos;]//*[@id=&apos;Capa_1&apos;]}
	at org.openqa.selenium.remote.http.W3CHttpResponseCodec.createException(W3CHttpResponseCodec.java:187)
	at org.openqa.selenium.remote.http.W3CHttpResponseCodec.decode(W3CHttpResponseCodec.java:122)
	at org.openqa.selenium.remote.http.W3CHttpResponseCodec.decode(W3CHttpResponseCodec.java:49)
	at org.openqa.selenium.remote.HttpCommandExecutor.execute(HttpCommandExecutor.java:164)
	at org.openqa.selenium.remote.service.DriverCommandExecutor.execute(DriverCommandExecutor.java:83)
	at org.openqa.selenium.remote.RemoteWebDriver.execute(RemoteWebDriver.java:600)
	at org.openqa.selenium.remote.RemoteWebDriver.findElement(RemoteWebDriver.java:370)
	at org.openqa.selenium.remote.RemoteWebDriver.findElementByXPath(RemoteWebDriver.java:472)
	at org.openqa.selenium.By$ByXPath.findElement(By.java:361)
	at org.openqa.selenium.remote.RemoteWebDriver.findElement(RemoteWebDriver.java:362)
	at pages.TopBarHeader.clickOnProfileIcon(TopBarHeader.java:20)
	at actions.ProfilePageTestSuite.changePasswordSuccessfully(ProfilePageTestSuite.java:151)
... Removed 33 stack frames</div></td></tr></table><p class="totop"><a href="#summary">back to summary</a></p><h2>Test5</h2><h3 id="m9">actions.SavedPaymentSuite#verifyQROptionIsPresentWhenPayingFromSavedPaymentAirtime</h3><table class="result"></table><p class="totop"><a href="#summary">back to summary</a></p><h3 id="m10">actions.SavedPaymentSuite#verifyQROptionIsPresentWhenPayingFromSavedPaymentForBills</h3><table class="result"></table><p class="totop"><a href="#summary">back to summary</a></p><h3 id="m11">actions.SavedPaymentSuite#verifyQROptionIsPresentWhenPayingFromSavedPaymentForTransfer</h3><table class="result"></table><p class="totop"><a href="#summary">back to summary</a></p></body></html>