<!DOCTYPE html>

<html>
  <head>
  <meta charset='utf-8'>
  <title>TestNG reports</title>

    <link type="text/css" href="testng-reports.css" rel="stylesheet" />  
    <script type="text/javascript" src="jquery-1.7.1.min.js"></script>
    <script type="text/javascript" src="testng-reports.js"></script>
    <script type="text/javascript" src="https://www.google.com/jsapi"></script>
    <script type='text/javascript'>
      google.load('visualization', '1', {packages:['table']});
      google.setOnLoadCallback(drawTable);
      var suiteTableInitFunctions = new Array();
      var suiteTableData = new Array();
    </script>
    <!--
      <script type="text/javascript" src="jquery-ui/js/jquery-ui-1.8.16.custom.min.js"></script>
     -->
  </head>

  <body>
    <div class="top-banner-root">
      <span class="top-banner-title-font">Test results</span>
      <br/>
      <span class="top-banner-font-1">1 suite, 5 failed tests</span>
    </div> <!-- top-banner-root -->
    <div class="navigator-root">
      <div class="navigator-suite-header">
        <span>All suites</span>
        <a href="#" class="collapse-all-link" title="Collapse/expand all the suites">
          <img class="collapse-all-icon" src="collapseall.gif">
          </img> <!-- collapse-all-icon -->
        </a> <!-- collapse-all-link -->
      </div> <!-- navigator-suite-header -->
      <div class="suite">
        <div class="rounded-window">
          <div class="suite-header light-rounded-window-top">
            <a href="#" class="navigator-link" panel-name="suite-Suite">
              <span class="suite-name border-failed">Suite</span>
            </a> <!-- navigator-link -->
          </div> <!-- suite-header light-rounded-window-top -->
          <div class="navigator-suite-content">
            <div class="suite-section-title">
              <span>Info</span>
            </div> <!-- suite-section-title -->
            <div class="suite-section-content">
              <ul>
                <li>
                  <a href="#" class="navigator-link " panel-name="test-xml-Suite">
                    <span>C:\Users\efetobor.obominuru\workspace\quickteller-5.0-webdriver-testsuite\testng.xml</span>
                  </a> <!-- navigator-link  -->
                </li>
                <li>
                  <a href="#" class="navigator-link " panel-name="testlist-Suite">
                    <span class="test-stats">7 tests</span>
                  </a> <!-- navigator-link  -->
                </li>
                <li>
                  <a href="#" class="navigator-link " panel-name="group-Suite">
                    <span>0 groups</span>
                  </a> <!-- navigator-link  -->
                </li>
                <li>
                  <a href="#" class="navigator-link " panel-name="times-Suite">
                    <span>Times</span>
                  </a> <!-- navigator-link  -->
                </li>
                <li>
                  <a href="#" class="navigator-link " panel-name="reporter-Suite">
                    <span>Reporter output</span>
                  </a> <!-- navigator-link  -->
                </li>
                <li>
                  <a href="#" class="navigator-link " panel-name="ignored-methods-Suite">
                    <span>Ignored methods</span>
                  </a> <!-- navigator-link  -->
                </li>
                <li>
                  <a href="#" class="navigator-link " panel-name="chronological-Suite">
                    <span>Chronological view</span>
                  </a> <!-- navigator-link  -->
                </li>
              </ul>
            </div> <!-- suite-section-content -->
            <div class="result-section">
              <div class="suite-section-title">
                <span>Results</span>
              </div> <!-- suite-section-title -->
              <div class="suite-section-content">
                <ul>
                  <li>
                    <span class="method-stats">19 methods, 5 failed,   14 passed</span>
                  </li>
                  <li>
                    <span class="method-list-title failed">Failed methods</span>
                    <span class="show-or-hide-methods failed">
                      <a href="#" panel-name="suite-Suite" class="hide-methods failed suite-Suite"> (hide)</a> <!-- hide-methods failed suite-Suite -->
                      <a href="#" panel-name="suite-Suite" class="show-methods failed suite-Suite"> (show)</a> <!-- show-methods failed suite-Suite -->
                    </span>
                    <div class="method-list-content failed suite-Suite">
                      <span>
                        <img width="3%" src="failed.png"/>
                        <a href="#" class="method navigator-link" panel-name="suite-Suite" title="actions.ProfilePageTestSuite" hash-for-method="changeFirstLastNameSuccessfully">changeFirstLastNameSuccessfully</a> <!-- method navigator-link -->
                      </span>
                      <br/>
                      <span>
                        <img width="3%" src="failed.png"/>
                        <a href="#" class="method navigator-link" panel-name="suite-Suite" title="actions.ProfilePageTestSuite" hash-for-method="changePasswordAllFieldsEmpty">changePasswordAllFieldsEmpty</a> <!-- method navigator-link -->
                      </span>
                      <br/>
                      <span>
                        <img width="3%" src="failed.png"/>
                        <a href="#" class="method navigator-link" panel-name="suite-Suite" title="actions.ProfilePageTestSuite" hash-for-method="changePasswordInvalidOldPassword">changePasswordInvalidOldPassword</a> <!-- method navigator-link -->
                      </span>
                      <br/>
                      <span>
                        <img width="3%" src="failed.png"/>
                        <a href="#" class="method navigator-link" panel-name="suite-Suite" title="actions.ProfilePageTestSuite" hash-for-method="changePasswordNewPasswordAndReTypePasswordFieldsAreEmpty">changePasswordNewPasswordAndReTypePasswordFieldsAreEmpty</a> <!-- method navigator-link -->
                      </span>
                      <br/>
                      <span>
                        <img width="3%" src="failed.png"/>
                        <a href="#" class="method navigator-link" panel-name="suite-Suite" title="actions.ProfilePageTestSuite" hash-for-method="changePasswordSuccessfully">changePasswordSuccessfully</a> <!-- method navigator-link -->
                      </span>
                      <br/>
                    </div> <!-- method-list-content failed suite-Suite -->
                  </li>
                  <li>
                    <span class="method-list-title passed">Passed methods</span>
                    <span class="show-or-hide-methods passed">
                      <a href="#" panel-name="suite-Suite" class="hide-methods passed suite-Suite"> (hide)</a> <!-- hide-methods passed suite-Suite -->
                      <a href="#" panel-name="suite-Suite" class="show-methods passed suite-Suite"> (show)</a> <!-- show-methods passed suite-Suite -->
                    </span>
                    <div class="method-list-content passed suite-Suite">
                      <span>
                        <img width="3%" src="passed.png"/>
                        <a href="#" class="method navigator-link" panel-name="suite-Suite" title="actions.OTPTestSuite" hash-for-method="InvalidOTPTest">InvalidOTPTest</a> <!-- method navigator-link -->
                      </span>
                      <br/>
                      <span>
                        <img width="3%" src="passed.png"/>
                        <a href="#" class="method navigator-link" panel-name="suite-Suite" title="actions.LoginTestSuite" hash-for-method="InvalidUsernameAndValidPassword">InvalidUsernameAndValidPassword</a> <!-- method navigator-link -->
                      </span>
                      <br/>
                      <span>
                        <img width="3%" src="passed.png"/>
                        <a href="#" class="method navigator-link" panel-name="suite-Suite" title="actions.OTPTestSuite" hash-for-method="NoOTPTest">NoOTPTest</a> <!-- method navigator-link -->
                      </span>
                      <br/>
                      <span>
                        <img width="3%" src="passed.png"/>
                        <a href="#" class="method navigator-link" panel-name="suite-Suite" title="actions.OTPTestSuite" hash-for-method="ResendOtp">ResendOtp</a> <!-- method navigator-link -->
                      </span>
                      <br/>
                      <span>
                        <img width="3%" src="passed.png"/>
                        <a href="#" class="method navigator-link" panel-name="suite-Suite" title="actions.LoginTestSuite" hash-for-method="successfulLogin">successfulLogin</a> <!-- method navigator-link -->
                      </span>
                      <br/>
                      <span>
                        <img width="3%" src="passed.png"/>
                        <a href="#" class="method navigator-link" panel-name="suite-Suite" title="actions.LoginTestSuite" hash-for-method="validEmailAndInvalidPassword">validEmailAndInvalidPassword</a> <!-- method navigator-link -->
                      </span>
                      <br/>
                      <span>
                        <img width="3%" src="passed.png"/>
                        <a href="#" class="method navigator-link" panel-name="suite-Suite" title="actions.HomeScreenTestSuite" hash-for-method="verifyHomeScreenElementsPresent">verifyHomeScreenElementsPresent</a> <!-- method navigator-link -->
                      </span>
                      <br/>
                      <span>
                        <img width="3%" src="passed.png"/>
                        <a href="#" class="method navigator-link" panel-name="suite-Suite" title="actions.OTPTestSuite" hash-for-method="verifyOTPScreenDisplays">verifyOTPScreenDisplays</a> <!-- method navigator-link -->
                      </span>
                      <br/>
                      <span>
                        <img width="3%" src="passed.png"/>
                        <a href="#" class="method navigator-link" panel-name="suite-Suite" title="actions.SavedPaymentSuite" hash-for-method="verifyQROptionIsPresentWhenPayingFromSavedPaymentAirtime">verifyQROptionIsPresentWhenPayingFromSavedPaymentAirtime</a> <!-- method navigator-link -->
                      </span>
                      <br/>
                      <span>
                        <img width="3%" src="passed.png"/>
                        <a href="#" class="method navigator-link" panel-name="suite-Suite" title="actions.SavedPaymentSuite" hash-for-method="verifyQROptionIsPresentWhenPayingFromSavedPaymentForBills">verifyQROptionIsPresentWhenPayingFromSavedPaymentForBills</a> <!-- method navigator-link -->
                      </span>
                      <br/>
                      <span>
                        <img width="3%" src="passed.png"/>
                        <a href="#" class="method navigator-link" panel-name="suite-Suite" title="actions.SavedPaymentSuite" hash-for-method="verifyQROptionIsPresentWhenPayingFromSavedPaymentForTransfer">verifyQROptionIsPresentWhenPayingFromSavedPaymentForTransfer</a> <!-- method navigator-link -->
                      </span>
                      <br/>
                      <span>
                        <img width="3%" src="passed.png"/>
                        <a href="#" class="method navigator-link" panel-name="suite-Suite" title="actions.SearchFieldTestSuite" hash-for-method="verifySearchFieldReturnsBillerListAfterSavedPaymentOptionsAreExausted">verifySearchFieldReturnsBillerListAfterSavedPaymentOptionsAreExausted</a> <!-- method navigator-link -->
                      </span>
                      <br/>
                      <span>
                        <img width="3%" src="passed.png"/>
                        <a href="#" class="method navigator-link" panel-name="suite-Suite" title="actions.SearchFieldTestSuite" hash-for-method="verifySearchFieldReturnsSavedPaymentItemsFirst">verifySearchFieldReturnsSavedPaymentItemsFirst</a> <!-- method navigator-link -->
                      </span>
                      <br/>
                      <span>
                        <img width="3%" src="passed.png"/>
                        <a href="#" class="method navigator-link" panel-name="suite-Suite" title="actions.SearchFieldTestSuite" hash-for-method="verifyUserReturnstoDashBoardScreenWhenSearchCriteiraIsRemovedFromSearchField">verifyUserReturnstoDashBoardScreenWhenSearchCriteiraIsRemovedFromSearchField</a> <!-- method navigator-link -->
                      </span>
                      <br/>
                    </div> <!-- method-list-content passed suite-Suite -->
                  </li>
                </ul>
              </div> <!-- suite-section-content -->
            </div> <!-- result-section -->
          </div> <!-- navigator-suite-content -->
        </div> <!-- rounded-window -->
      </div> <!-- suite -->
    </div> <!-- navigator-root -->
    <div class="wrapper">
      <div class="main-panel-root">
        <div panel-name="suite-Suite" class="panel Suite">
          <div class="suite-Suite-class-failed">
            <div class="main-panel-header rounded-window-top">
              <img src="failed.png"/>
              <span class="class-name">actions.ProfilePageTestSuite</span>
            </div> <!-- main-panel-header rounded-window-top -->
            <div class="main-panel-content rounded-window-bottom">
              <div class="method">
                <div class="method-content">
                  <a name="changeFirstLastNameSuccessfully">
                  </a> <!-- changeFirstLastNameSuccessfully -->
                  <span class="method-name">changeFirstLastNameSuccessfully</span>
                  <div class="stack-trace">org.openqa.selenium.NoSuchElementException: Unable to locate element: //span[@id=&apos;ProfileDropDown&apos;]//*[@id=&apos;Capa_1&apos;]
For documentation on this error, please visit: http://seleniumhq.org/exceptions/no_such_element.html
Build info: version: &apos;3.7.1&apos;, revision: &apos;8a0099a&apos;, time: &apos;2017-11-06T21:01:39.354Z&apos;
System info: host: &apos;ISW-GSIG-UO1&apos;, ip: &apos;172.23.23.109&apos;, os.name: &apos;Windows 10&apos;, os.arch: &apos;amd64&apos;, os.version: &apos;10.0&apos;, java.version: &apos;1.8.0_201&apos;
Driver info: org.openqa.selenium.firefox.FirefoxDriver
Capabilities {acceptInsecureCerts: true, browserName: firefox, browserVersion: 68.0, javascriptEnabled: true, moz:accessibilityChecks: false, moz:buildID: 20190705220548, moz:geckodriverVersion: 0.24.0, moz:headless: false, moz:processID: 17640, moz:profile: C:\Users\efetobor.obominuru..., moz:shutdownTimeout: 60000, moz:useNonSpecCompliantPointerOrigin: false, moz:webdriverClick: true, pageLoadStrategy: normal, platform: WINDOWS, platformName: WINDOWS, platformVersion: 10.0, rotatable: false, setWindowRect: true, strictFileInteractability: false, timeouts: {implicit: 0, pageLoad: 300000, script: 30000}, unhandledPromptBehavior: dismiss and notify}
Session ID: a9326f39-28ef-455c-bc02-08f78856cc78
*** Element info: {Using=xpath, value=//span[@id=&apos;ProfileDropDown&apos;]//*[@id=&apos;Capa_1&apos;]}
	at org.openqa.selenium.remote.http.W3CHttpResponseCodec.createException(W3CHttpResponseCodec.java:187)
	at org.openqa.selenium.remote.http.W3CHttpResponseCodec.decode(W3CHttpResponseCodec.java:122)
	at org.openqa.selenium.remote.http.W3CHttpResponseCodec.decode(W3CHttpResponseCodec.java:49)
	at org.openqa.selenium.remote.HttpCommandExecutor.execute(HttpCommandExecutor.java:164)
	at org.openqa.selenium.remote.service.DriverCommandExecutor.execute(DriverCommandExecutor.java:83)
	at org.openqa.selenium.remote.RemoteWebDriver.execute(RemoteWebDriver.java:600)
	at org.openqa.selenium.remote.RemoteWebDriver.findElement(RemoteWebDriver.java:370)
	at org.openqa.selenium.remote.RemoteWebDriver.findElementByXPath(RemoteWebDriver.java:472)
	at org.openqa.selenium.By$ByXPath.findElement(By.java:361)
	at org.openqa.selenium.remote.RemoteWebDriver.findElement(RemoteWebDriver.java:362)
	at pages.TopBarHeader.clickOnProfileIcon(TopBarHeader.java:20)
	at actions.ProfilePageTestSuite.changeFirstLastNameSuccessfully(ProfilePageTestSuite.java:55)
... Removed 33 stack frames
</div> <!-- stack-trace -->
                </div> <!-- method-content -->
              </div> <!-- method -->
              <div class="method">
                <div class="method-content">
                  <a name="changePasswordAllFieldsEmpty">
                  </a> <!-- changePasswordAllFieldsEmpty -->
                  <span class="method-name">changePasswordAllFieldsEmpty</span>
                  <div class="stack-trace">org.openqa.selenium.NoSuchElementException: Unable to locate element: //span[@id=&apos;ProfileDropDown&apos;]//*[@id=&apos;Capa_1&apos;]
For documentation on this error, please visit: http://seleniumhq.org/exceptions/no_such_element.html
Build info: version: &apos;3.7.1&apos;, revision: &apos;8a0099a&apos;, time: &apos;2017-11-06T21:01:39.354Z&apos;
System info: host: &apos;ISW-GSIG-UO1&apos;, ip: &apos;172.23.23.109&apos;, os.name: &apos;Windows 10&apos;, os.arch: &apos;amd64&apos;, os.version: &apos;10.0&apos;, java.version: &apos;1.8.0_201&apos;
Driver info: org.openqa.selenium.firefox.FirefoxDriver
Capabilities {acceptInsecureCerts: true, browserName: firefox, browserVersion: 68.0, javascriptEnabled: true, moz:accessibilityChecks: false, moz:buildID: 20190705220548, moz:geckodriverVersion: 0.24.0, moz:headless: false, moz:processID: 17640, moz:profile: C:\Users\efetobor.obominuru..., moz:shutdownTimeout: 60000, moz:useNonSpecCompliantPointerOrigin: false, moz:webdriverClick: true, pageLoadStrategy: normal, platform: WINDOWS, platformName: WINDOWS, platformVersion: 10.0, rotatable: false, setWindowRect: true, strictFileInteractability: false, timeouts: {implicit: 0, pageLoad: 300000, script: 30000}, unhandledPromptBehavior: dismiss and notify}
Session ID: a9326f39-28ef-455c-bc02-08f78856cc78
*** Element info: {Using=xpath, value=//span[@id=&apos;ProfileDropDown&apos;]//*[@id=&apos;Capa_1&apos;]}
	at org.openqa.selenium.remote.http.W3CHttpResponseCodec.createException(W3CHttpResponseCodec.java:187)
	at org.openqa.selenium.remote.http.W3CHttpResponseCodec.decode(W3CHttpResponseCodec.java:122)
	at org.openqa.selenium.remote.http.W3CHttpResponseCodec.decode(W3CHttpResponseCodec.java:49)
	at org.openqa.selenium.remote.HttpCommandExecutor.execute(HttpCommandExecutor.java:164)
	at org.openqa.selenium.remote.service.DriverCommandExecutor.execute(DriverCommandExecutor.java:83)
	at org.openqa.selenium.remote.RemoteWebDriver.execute(RemoteWebDriver.java:600)
	at org.openqa.selenium.remote.RemoteWebDriver.findElement(RemoteWebDriver.java:370)
	at org.openqa.selenium.remote.RemoteWebDriver.findElementByXPath(RemoteWebDriver.java:472)
	at org.openqa.selenium.By$ByXPath.findElement(By.java:361)
	at org.openqa.selenium.remote.RemoteWebDriver.findElement(RemoteWebDriver.java:362)
	at pages.TopBarHeader.clickOnProfileIcon(TopBarHeader.java:20)
	at actions.ProfilePageTestSuite.changePasswordAllFieldsEmpty(ProfilePageTestSuite.java:106)
... Removed 33 stack frames
</div> <!-- stack-trace -->
                </div> <!-- method-content -->
              </div> <!-- method -->
              <div class="method">
                <div class="method-content">
                  <a name="changePasswordInvalidOldPassword">
                  </a> <!-- changePasswordInvalidOldPassword -->
                  <span class="method-name">changePasswordInvalidOldPassword</span>
                  <div class="stack-trace">org.openqa.selenium.NoSuchElementException: Unable to locate element: //span[@id=&apos;ProfileDropDown&apos;]//*[@id=&apos;Capa_1&apos;]
For documentation on this error, please visit: http://seleniumhq.org/exceptions/no_such_element.html
Build info: version: &apos;3.7.1&apos;, revision: &apos;8a0099a&apos;, time: &apos;2017-11-06T21:01:39.354Z&apos;
System info: host: &apos;ISW-GSIG-UO1&apos;, ip: &apos;172.23.23.109&apos;, os.name: &apos;Windows 10&apos;, os.arch: &apos;amd64&apos;, os.version: &apos;10.0&apos;, java.version: &apos;1.8.0_201&apos;
Driver info: org.openqa.selenium.firefox.FirefoxDriver
Capabilities {acceptInsecureCerts: true, browserName: firefox, browserVersion: 68.0, javascriptEnabled: true, moz:accessibilityChecks: false, moz:buildID: 20190705220548, moz:geckodriverVersion: 0.24.0, moz:headless: false, moz:processID: 17640, moz:profile: C:\Users\efetobor.obominuru..., moz:shutdownTimeout: 60000, moz:useNonSpecCompliantPointerOrigin: false, moz:webdriverClick: true, pageLoadStrategy: normal, platform: WINDOWS, platformName: WINDOWS, platformVersion: 10.0, rotatable: false, setWindowRect: true, strictFileInteractability: false, timeouts: {implicit: 0, pageLoad: 300000, script: 30000}, unhandledPromptBehavior: dismiss and notify}
Session ID: a9326f39-28ef-455c-bc02-08f78856cc78
*** Element info: {Using=xpath, value=//span[@id=&apos;ProfileDropDown&apos;]//*[@id=&apos;Capa_1&apos;]}
	at org.openqa.selenium.remote.http.W3CHttpResponseCodec.createException(W3CHttpResponseCodec.java:187)
	at org.openqa.selenium.remote.http.W3CHttpResponseCodec.decode(W3CHttpResponseCodec.java:122)
	at org.openqa.selenium.remote.http.W3CHttpResponseCodec.decode(W3CHttpResponseCodec.java:49)
	at org.openqa.selenium.remote.HttpCommandExecutor.execute(HttpCommandExecutor.java:164)
	at org.openqa.selenium.remote.service.DriverCommandExecutor.execute(DriverCommandExecutor.java:83)
	at org.openqa.selenium.remote.RemoteWebDriver.execute(RemoteWebDriver.java:600)
	at org.openqa.selenium.remote.RemoteWebDriver.findElement(RemoteWebDriver.java:370)
	at org.openqa.selenium.remote.RemoteWebDriver.findElementByXPath(RemoteWebDriver.java:472)
	at org.openqa.selenium.By$ByXPath.findElement(By.java:361)
	at org.openqa.selenium.remote.RemoteWebDriver.findElement(RemoteWebDriver.java:362)
	at pages.TopBarHeader.clickOnProfileIcon(TopBarHeader.java:20)
	at actions.ProfilePageTestSuite.changePasswordInvalidOldPassword(ProfilePageTestSuite.java:82)
... Removed 33 stack frames
</div> <!-- stack-trace -->
                </div> <!-- method-content -->
              </div> <!-- method -->
              <div class="method">
                <div class="method-content">
                  <a name="changePasswordNewPasswordAndReTypePasswordFieldsAreEmpty">
                  </a> <!-- changePasswordNewPasswordAndReTypePasswordFieldsAreEmpty -->
                  <span class="method-name">changePasswordNewPasswordAndReTypePasswordFieldsAreEmpty</span>
                  <div class="stack-trace">org.openqa.selenium.NoSuchElementException: Unable to locate element: //span[@id=&apos;ProfileDropDown&apos;]//*[@id=&apos;Capa_1&apos;]
For documentation on this error, please visit: http://seleniumhq.org/exceptions/no_such_element.html
Build info: version: &apos;3.7.1&apos;, revision: &apos;8a0099a&apos;, time: &apos;2017-11-06T21:01:39.354Z&apos;
System info: host: &apos;ISW-GSIG-UO1&apos;, ip: &apos;172.23.23.109&apos;, os.name: &apos;Windows 10&apos;, os.arch: &apos;amd64&apos;, os.version: &apos;10.0&apos;, java.version: &apos;1.8.0_201&apos;
Driver info: org.openqa.selenium.firefox.FirefoxDriver
Capabilities {acceptInsecureCerts: true, browserName: firefox, browserVersion: 68.0, javascriptEnabled: true, moz:accessibilityChecks: false, moz:buildID: 20190705220548, moz:geckodriverVersion: 0.24.0, moz:headless: false, moz:processID: 17640, moz:profile: C:\Users\efetobor.obominuru..., moz:shutdownTimeout: 60000, moz:useNonSpecCompliantPointerOrigin: false, moz:webdriverClick: true, pageLoadStrategy: normal, platform: WINDOWS, platformName: WINDOWS, platformVersion: 10.0, rotatable: false, setWindowRect: true, strictFileInteractability: false, timeouts: {implicit: 0, pageLoad: 300000, script: 30000}, unhandledPromptBehavior: dismiss and notify}
Session ID: a9326f39-28ef-455c-bc02-08f78856cc78
*** Element info: {Using=xpath, value=//span[@id=&apos;ProfileDropDown&apos;]//*[@id=&apos;Capa_1&apos;]}
	at org.openqa.selenium.remote.http.W3CHttpResponseCodec.createException(W3CHttpResponseCodec.java:187)
	at org.openqa.selenium.remote.http.W3CHttpResponseCodec.decode(W3CHttpResponseCodec.java:122)
	at org.openqa.selenium.remote.http.W3CHttpResponseCodec.decode(W3CHttpResponseCodec.java:49)
	at org.openqa.selenium.remote.HttpCommandExecutor.execute(HttpCommandExecutor.java:164)
	at org.openqa.selenium.remote.service.DriverCommandExecutor.execute(DriverCommandExecutor.java:83)
	at org.openqa.selenium.remote.RemoteWebDriver.execute(RemoteWebDriver.java:600)
	at org.openqa.selenium.remote.RemoteWebDriver.findElement(RemoteWebDriver.java:370)
	at org.openqa.selenium.remote.RemoteWebDriver.findElementByXPath(RemoteWebDriver.java:472)
	at org.openqa.selenium.By$ByXPath.findElement(By.java:361)
	at org.openqa.selenium.remote.RemoteWebDriver.findElement(RemoteWebDriver.java:362)
	at pages.TopBarHeader.clickOnProfileIcon(TopBarHeader.java:20)
	at actions.ProfilePageTestSuite.changePasswordNewPasswordAndReTypePasswordFieldsAreEmpty(ProfilePageTestSuite.java:128)
... Removed 33 stack frames
</div> <!-- stack-trace -->
                </div> <!-- method-content -->
              </div> <!-- method -->
              <div class="method">
                <div class="method-content">
                  <a name="changePasswordSuccessfully">
                  </a> <!-- changePasswordSuccessfully -->
                  <span class="method-name">changePasswordSuccessfully</span>
                  <div class="stack-trace">org.openqa.selenium.NoSuchElementException: Unable to locate element: //span[@id=&apos;ProfileDropDown&apos;]//*[@id=&apos;Capa_1&apos;]
For documentation on this error, please visit: http://seleniumhq.org/exceptions/no_such_element.html
Build info: version: &apos;3.7.1&apos;, revision: &apos;8a0099a&apos;, time: &apos;2017-11-06T21:01:39.354Z&apos;
System info: host: &apos;ISW-GSIG-UO1&apos;, ip: &apos;172.23.23.109&apos;, os.name: &apos;Windows 10&apos;, os.arch: &apos;amd64&apos;, os.version: &apos;10.0&apos;, java.version: &apos;1.8.0_201&apos;
Driver info: org.openqa.selenium.firefox.FirefoxDriver
Capabilities {acceptInsecureCerts: true, browserName: firefox, browserVersion: 68.0, javascriptEnabled: true, moz:accessibilityChecks: false, moz:buildID: 20190705220548, moz:geckodriverVersion: 0.24.0, moz:headless: false, moz:processID: 17640, moz:profile: C:\Users\efetobor.obominuru..., moz:shutdownTimeout: 60000, moz:useNonSpecCompliantPointerOrigin: false, moz:webdriverClick: true, pageLoadStrategy: normal, platform: WINDOWS, platformName: WINDOWS, platformVersion: 10.0, rotatable: false, setWindowRect: true, strictFileInteractability: false, timeouts: {implicit: 0, pageLoad: 300000, script: 30000}, unhandledPromptBehavior: dismiss and notify}
Session ID: a9326f39-28ef-455c-bc02-08f78856cc78
*** Element info: {Using=xpath, value=//span[@id=&apos;ProfileDropDown&apos;]//*[@id=&apos;Capa_1&apos;]}
	at org.openqa.selenium.remote.http.W3CHttpResponseCodec.createException(W3CHttpResponseCodec.java:187)
	at org.openqa.selenium.remote.http.W3CHttpResponseCodec.decode(W3CHttpResponseCodec.java:122)
	at org.openqa.selenium.remote.http.W3CHttpResponseCodec.decode(W3CHttpResponseCodec.java:49)
	at org.openqa.selenium.remote.HttpCommandExecutor.execute(HttpCommandExecutor.java:164)
	at org.openqa.selenium.remote.service.DriverCommandExecutor.execute(DriverCommandExecutor.java:83)
	at org.openqa.selenium.remote.RemoteWebDriver.execute(RemoteWebDriver.java:600)
	at org.openqa.selenium.remote.RemoteWebDriver.findElement(RemoteWebDriver.java:370)
	at org.openqa.selenium.remote.RemoteWebDriver.findElementByXPath(RemoteWebDriver.java:472)
	at org.openqa.selenium.By$ByXPath.findElement(By.java:361)
	at org.openqa.selenium.remote.RemoteWebDriver.findElement(RemoteWebDriver.java:362)
	at pages.TopBarHeader.clickOnProfileIcon(TopBarHeader.java:20)
	at actions.ProfilePageTestSuite.changePasswordSuccessfully(ProfilePageTestSuite.java:151)
... Removed 33 stack frames
</div> <!-- stack-trace -->
                </div> <!-- method-content -->
              </div> <!-- method -->
            </div> <!-- main-panel-content rounded-window-bottom -->
          </div> <!-- suite-Suite-class-failed -->
          <div class="suite-Suite-class-passed">
            <div class="main-panel-header rounded-window-top">
              <img src="passed.png"/>
              <span class="class-name">actions.SavedPaymentSuite</span>
            </div> <!-- main-panel-header rounded-window-top -->
            <div class="main-panel-content rounded-window-bottom">
              <div class="method">
                <div class="method-content">
                  <a name="verifyQROptionIsPresentWhenPayingFromSavedPaymentAirtime">
                  </a> <!-- verifyQROptionIsPresentWhenPayingFromSavedPaymentAirtime -->
                  <span class="method-name">verifyQROptionIsPresentWhenPayingFromSavedPaymentAirtime</span>
                </div> <!-- method-content -->
              </div> <!-- method -->
              <div class="method">
                <div class="method-content">
                  <a name="verifyQROptionIsPresentWhenPayingFromSavedPaymentForBills">
                  </a> <!-- verifyQROptionIsPresentWhenPayingFromSavedPaymentForBills -->
                  <span class="method-name">verifyQROptionIsPresentWhenPayingFromSavedPaymentForBills</span>
                </div> <!-- method-content -->
              </div> <!-- method -->
              <div class="method">
                <div class="method-content">
                  <a name="verifyQROptionIsPresentWhenPayingFromSavedPaymentForTransfer">
                  </a> <!-- verifyQROptionIsPresentWhenPayingFromSavedPaymentForTransfer -->
                  <span class="method-name">verifyQROptionIsPresentWhenPayingFromSavedPaymentForTransfer</span>
                </div> <!-- method-content -->
              </div> <!-- method -->
            </div> <!-- main-panel-content rounded-window-bottom -->
          </div> <!-- suite-Suite-class-passed -->
          <div class="suite-Suite-class-passed">
            <div class="main-panel-header rounded-window-top">
              <img src="passed.png"/>
              <span class="class-name">actions.SearchFieldTestSuite</span>
            </div> <!-- main-panel-header rounded-window-top -->
            <div class="main-panel-content rounded-window-bottom">
              <div class="method">
                <div class="method-content">
                  <a name="verifySearchFieldReturnsBillerListAfterSavedPaymentOptionsAreExausted">
                  </a> <!-- verifySearchFieldReturnsBillerListAfterSavedPaymentOptionsAreExausted -->
                  <span class="method-name">verifySearchFieldReturnsBillerListAfterSavedPaymentOptionsAreExausted</span>
                </div> <!-- method-content -->
              </div> <!-- method -->
              <div class="method">
                <div class="method-content">
                  <a name="verifySearchFieldReturnsSavedPaymentItemsFirst">
                  </a> <!-- verifySearchFieldReturnsSavedPaymentItemsFirst -->
                  <span class="method-name">verifySearchFieldReturnsSavedPaymentItemsFirst</span>
                </div> <!-- method-content -->
              </div> <!-- method -->
              <div class="method">
                <div class="method-content">
                  <a name="verifyUserReturnstoDashBoardScreenWhenSearchCriteiraIsRemovedFromSearchField">
                  </a> <!-- verifyUserReturnstoDashBoardScreenWhenSearchCriteiraIsRemovedFromSearchField -->
                  <span class="method-name">verifyUserReturnstoDashBoardScreenWhenSearchCriteiraIsRemovedFromSearchField</span>
                </div> <!-- method-content -->
              </div> <!-- method -->
            </div> <!-- main-panel-content rounded-window-bottom -->
          </div> <!-- suite-Suite-class-passed -->
          <div class="suite-Suite-class-passed">
            <div class="main-panel-header rounded-window-top">
              <img src="passed.png"/>
              <span class="class-name">actions.OTPTestSuite</span>
            </div> <!-- main-panel-header rounded-window-top -->
            <div class="main-panel-content rounded-window-bottom">
              <div class="method">
                <div class="method-content">
                  <a name="InvalidOTPTest">
                  </a> <!-- InvalidOTPTest -->
                  <span class="method-name">InvalidOTPTest</span>
                </div> <!-- method-content -->
              </div> <!-- method -->
              <div class="method">
                <div class="method-content">
                  <a name="NoOTPTest">
                  </a> <!-- NoOTPTest -->
                  <span class="method-name">NoOTPTest</span>
                </div> <!-- method-content -->
              </div> <!-- method -->
              <div class="method">
                <div class="method-content">
                  <a name="ResendOtp">
                  </a> <!-- ResendOtp -->
                  <span class="method-name">ResendOtp</span>
                </div> <!-- method-content -->
              </div> <!-- method -->
              <div class="method">
                <div class="method-content">
                  <a name="verifyOTPScreenDisplays">
                  </a> <!-- verifyOTPScreenDisplays -->
                  <span class="method-name">verifyOTPScreenDisplays</span>
                </div> <!-- method-content -->
              </div> <!-- method -->
            </div> <!-- main-panel-content rounded-window-bottom -->
          </div> <!-- suite-Suite-class-passed -->
          <div class="suite-Suite-class-passed">
            <div class="main-panel-header rounded-window-top">
              <img src="passed.png"/>
              <span class="class-name">actions.LoginTestSuite</span>
            </div> <!-- main-panel-header rounded-window-top -->
            <div class="main-panel-content rounded-window-bottom">
              <div class="method">
                <div class="method-content">
                  <a name="InvalidUsernameAndValidPassword">
                  </a> <!-- InvalidUsernameAndValidPassword -->
                  <span class="method-name">InvalidUsernameAndValidPassword</span>
                </div> <!-- method-content -->
              </div> <!-- method -->
              <div class="method">
                <div class="method-content">
                  <a name="successfulLogin">
                  </a> <!-- successfulLogin -->
                  <span class="method-name">successfulLogin</span>
                </div> <!-- method-content -->
              </div> <!-- method -->
              <div class="method">
                <div class="method-content">
                  <a name="validEmailAndInvalidPassword">
                  </a> <!-- validEmailAndInvalidPassword -->
                  <span class="method-name">validEmailAndInvalidPassword</span>
                </div> <!-- method-content -->
              </div> <!-- method -->
            </div> <!-- main-panel-content rounded-window-bottom -->
          </div> <!-- suite-Suite-class-passed -->
          <div class="suite-Suite-class-passed">
            <div class="main-panel-header rounded-window-top">
              <img src="passed.png"/>
              <span class="class-name">actions.HomeScreenTestSuite</span>
            </div> <!-- main-panel-header rounded-window-top -->
            <div class="main-panel-content rounded-window-bottom">
              <div class="method">
                <div class="method-content">
                  <a name="verifyHomeScreenElementsPresent">
                  </a> <!-- verifyHomeScreenElementsPresent -->
                  <span class="method-name">verifyHomeScreenElementsPresent</span>
                </div> <!-- method-content -->
              </div> <!-- method -->
            </div> <!-- main-panel-content rounded-window-bottom -->
          </div> <!-- suite-Suite-class-passed -->
        </div> <!-- panel Suite -->
        <div panel-name="test-xml-Suite" class="panel">
          <div class="main-panel-header rounded-window-top">
            <span class="header-content">C:\Users\efetobor.obominuru\workspace\quickteller-5.0-webdriver-testsuite\testng.xml</span>
          </div> <!-- main-panel-header rounded-window-top -->
          <div class="main-panel-content rounded-window-bottom">
            <pre>
&lt;?xml version=&quot;1.0&quot; encoding=&quot;UTF-8&quot;?&gt;
&lt;!DOCTYPE suite SYSTEM &quot;http://testng.org/testng-1.0.dtd&quot;&gt;
&lt;suite thread-count=&quot;1&quot; guice-stage=&quot;DEVELOPMENT&quot; verbose=&quot;0&quot; name=&quot;Suite&quot;&gt;
  &lt;test name=&quot;Test1&quot;&gt;
    &lt;classes&gt;
      &lt;class name=&quot;actions.BuyAirtimeTestSuite&quot;/&gt;
    &lt;/classes&gt;
  &lt;/test&gt; &lt;!-- Test1 --&gt;
  &lt;test name=&quot;Test2&quot;&gt;
    &lt;classes&gt;
      &lt;class name=&quot;actions.LoginTestSuite&quot;/&gt;
    &lt;/classes&gt;
  &lt;/test&gt; &lt;!-- Test2 --&gt;
  &lt;test name=&quot;Test3&quot;&gt;
    &lt;classes&gt;
      &lt;class name=&quot;actions.HomeScreenTestSuite&quot;/&gt;
    &lt;/classes&gt;
  &lt;/test&gt; &lt;!-- Test3 --&gt;
  &lt;test name=&quot;Test4&quot;&gt;
    &lt;classes&gt;
      &lt;class name=&quot;actions.ProfilePageTestSuite&quot;/&gt;
    &lt;/classes&gt;
  &lt;/test&gt; &lt;!-- Test4 --&gt;
  &lt;test name=&quot;Test5&quot;&gt;
    &lt;classes&gt;
      &lt;class name=&quot;actions.SavedPaymentSuite&quot;/&gt;
    &lt;/classes&gt;
  &lt;/test&gt; &lt;!-- Test5 --&gt;
  &lt;test name=&quot;Test6&quot;&gt;
    &lt;classes&gt;
      &lt;class name=&quot;actions.SearchFieldTestSuite&quot;/&gt;
    &lt;/classes&gt;
  &lt;/test&gt; &lt;!-- Test6 --&gt;
  &lt;test name=&quot;Test7&quot;&gt;
    &lt;classes&gt;
      &lt;class name=&quot;actions.OTPTestSuite&quot;/&gt;
    &lt;/classes&gt;
  &lt;/test&gt; &lt;!-- Test7 --&gt;
&lt;/suite&gt; &lt;!-- Suite --&gt;
            </pre>
          </div> <!-- main-panel-content rounded-window-bottom -->
        </div> <!-- panel -->
        <div panel-name="testlist-Suite" class="panel">
          <div class="main-panel-header rounded-window-top">
            <span class="header-content">Tests for Suite</span>
          </div> <!-- main-panel-header rounded-window-top -->
          <div class="main-panel-content rounded-window-bottom">
            <ul>
              <li>
                <span class="test-name">Test1 (1 class)</span>
              </li>
              <li>
                <span class="test-name">Test2 (1 class)</span>
              </li>
              <li>
                <span class="test-name">Test3 (1 class)</span>
              </li>
              <li>
                <span class="test-name">Test4 (1 class)</span>
              </li>
              <li>
                <span class="test-name">Test5 (1 class)</span>
              </li>
              <li>
                <span class="test-name">Test6 (1 class)</span>
              </li>
              <li>
                <span class="test-name">Test7 (1 class)</span>
              </li>
            </ul>
          </div> <!-- main-panel-content rounded-window-bottom -->
        </div> <!-- panel -->
        <div panel-name="group-Suite" class="panel">
          <div class="main-panel-header rounded-window-top">
            <span class="header-content">Groups for Suite</span>
          </div> <!-- main-panel-header rounded-window-top -->
          <div class="main-panel-content rounded-window-bottom">
          </div> <!-- main-panel-content rounded-window-bottom -->
        </div> <!-- panel -->
        <div panel-name="times-Suite" class="panel">
          <div class="main-panel-header rounded-window-top">
            <span class="header-content">Times for Suite</span>
          </div> <!-- main-panel-header rounded-window-top -->
          <div class="main-panel-content rounded-window-bottom">
            <div class="times-div">
              <script type="text/javascript">
suiteTableInitFunctions.push('tableData_Suite');
function tableData_Suite() {
var data = new google.visualization.DataTable();
data.addColumn('number', 'Number');
data.addColumn('string', 'Method');
data.addColumn('string', 'Class');
data.addColumn('number', 'Time (ms)');
data.addRows(19);
data.setCell(0, 0, 0)
data.setCell(0, 1, 'verifyQROptionIsPresentWhenPayingFromSavedPaymentAirtime')
data.setCell(0, 2, 'actions.SavedPaymentSuite')
data.setCell(0, 3, 65099);
data.setCell(1, 0, 1)
data.setCell(1, 1, 'InvalidUsernameAndValidPassword')
data.setCell(1, 2, 'actions.LoginTestSuite')
data.setCell(1, 3, 63040);
data.setCell(2, 0, 2)
data.setCell(2, 1, 'changeFirstLastNameSuccessfully')
data.setCell(2, 2, 'actions.ProfilePageTestSuite')
data.setCell(2, 3, 29605);
data.setCell(3, 0, 3)
data.setCell(3, 1, 'verifyOTPScreenDisplays')
data.setCell(3, 2, 'actions.OTPTestSuite')
data.setCell(3, 3, 22589);
data.setCell(4, 0, 4)
data.setCell(4, 1, 'verifySearchFieldReturnsSavedPaymentItemsFirst')
data.setCell(4, 2, 'actions.SearchFieldTestSuite')
data.setCell(4, 3, 12074);
data.setCell(5, 0, 5)
data.setCell(5, 1, 'changePasswordInvalidOldPassword')
data.setCell(5, 2, 'actions.ProfilePageTestSuite')
data.setCell(5, 3, 11923);
data.setCell(6, 0, 6)
data.setCell(6, 1, 'validEmailAndInvalidPassword')
data.setCell(6, 2, 'actions.LoginTestSuite')
data.setCell(6, 3, 11727);
data.setCell(7, 0, 7)
data.setCell(7, 1, 'changePasswordNewPasswordAndReTypePasswordFieldsAreEmpty')
data.setCell(7, 2, 'actions.ProfilePageTestSuite')
data.setCell(7, 3, 11118);
data.setCell(8, 0, 8)
data.setCell(8, 1, 'changePasswordAllFieldsEmpty')
data.setCell(8, 2, 'actions.ProfilePageTestSuite')
data.setCell(8, 3, 11080);
data.setCell(9, 0, 9)
data.setCell(9, 1, 'changePasswordSuccessfully')
data.setCell(9, 2, 'actions.ProfilePageTestSuite')
data.setCell(9, 3, 10754);
data.setCell(10, 0, 10)
data.setCell(10, 1, 'verifyQROptionIsPresentWhenPayingFromSavedPaymentForBills')
data.setCell(10, 2, 'actions.SavedPaymentSuite')
data.setCell(10, 3, 5040);
data.setCell(11, 0, 11)
data.setCell(11, 1, 'verifyQROptionIsPresentWhenPayingFromSavedPaymentForTransfer')
data.setCell(11, 2, 'actions.SavedPaymentSuite')
data.setCell(11, 3, 3914);
data.setCell(12, 0, 12)
data.setCell(12, 1, 'verifyHomeScreenElementsPresent')
data.setCell(12, 2, 'actions.HomeScreenTestSuite')
data.setCell(12, 3, 3007);
data.setCell(13, 0, 13)
data.setCell(13, 1, 'successfulLogin')
data.setCell(13, 2, 'actions.LoginTestSuite')
data.setCell(13, 3, 2866);
data.setCell(14, 0, 14)
data.setCell(14, 1, 'verifySearchFieldReturnsBillerListAfterSavedPaymentOptionsAreExausted')
data.setCell(14, 2, 'actions.SearchFieldTestSuite')
data.setCell(14, 3, 1282);
data.setCell(15, 0, 15)
data.setCell(15, 1, 'InvalidOTPTest')
data.setCell(15, 2, 'actions.OTPTestSuite')
data.setCell(15, 3, 529);
data.setCell(16, 0, 16)
data.setCell(16, 1, 'ResendOtp')
data.setCell(16, 2, 'actions.OTPTestSuite')
data.setCell(16, 3, 486);
data.setCell(17, 0, 17)
data.setCell(17, 1, 'verifyUserReturnstoDashBoardScreenWhenSearchCriteiraIsRemovedFromSearchField')
data.setCell(17, 2, 'actions.SearchFieldTestSuite')
data.setCell(17, 3, 359);
data.setCell(18, 0, 18)
data.setCell(18, 1, 'NoOTPTest')
data.setCell(18, 2, 'actions.OTPTestSuite')
data.setCell(18, 3, 308);
window.suiteTableData['Suite']= { tableData: data, tableDiv: 'times-div-Suite'}
return data;
}
              </script>
              <span class="suite-total-time">Total running time: 4 minutes</span>
              <div id="times-div-Suite">
              </div> <!-- times-div-Suite -->
            </div> <!-- times-div -->
          </div> <!-- main-panel-content rounded-window-bottom -->
        </div> <!-- panel -->
        <div panel-name="reporter-Suite" class="panel">
          <div class="main-panel-header rounded-window-top">
            <span class="header-content">Reporter output for Suite</span>
          </div> <!-- main-panel-header rounded-window-top -->
          <div class="main-panel-content rounded-window-bottom">
          </div> <!-- main-panel-content rounded-window-bottom -->
        </div> <!-- panel -->
        <div panel-name="ignored-methods-Suite" class="panel">
          <div class="main-panel-header rounded-window-top">
            <span class="header-content">0 ignored methods</span>
          </div> <!-- main-panel-header rounded-window-top -->
          <div class="main-panel-content rounded-window-bottom">
          </div> <!-- main-panel-content rounded-window-bottom -->
        </div> <!-- panel -->
        <div panel-name="chronological-Suite" class="panel">
          <div class="main-panel-header rounded-window-top">
            <span class="header-content">Methods in chronological order</span>
          </div> <!-- main-panel-header rounded-window-top -->
          <div class="main-panel-content rounded-window-bottom">
            <div class="chronological-class">
              <div class="chronological-class-name">actions.LoginTestSuite</div> <!-- chronological-class-name -->
              <div class="configuration-test before">
                <span class="method-name">startUp</span>
                <span class="method-start">0 ms</span>
              </div> <!-- configuration-test before -->
              <div class="test-method">
                <span class="method-name">InvalidUsernameAndValidPassword</span>
                <span class="method-start">34465 ms</span>
              </div> <!-- test-method -->
              <div class="test-method">
                <span class="method-name">validEmailAndInvalidPassword</span>
                <span class="method-start">97507 ms</span>
              </div> <!-- test-method -->
              <div class="test-method">
                <span class="method-name">successfulLogin</span>
                <span class="method-start">109234 ms</span>
              </div> <!-- test-method -->
              <div class="configuration-test after">
                <span class="method-name">tearDown</span>
                <span class="method-start">112101 ms</span>
              </div> <!-- configuration-test after -->
            </div> <!-- chronological-class -->
            <div class="chronological-class">
              <div class="chronological-class-name">actions.HomeScreenTestSuite</div> <!-- chronological-class-name -->
              <div class="configuration-test before">
                <span class="method-name">startUp</span>
                <span class="method-start">116028 ms</span>
              </div> <!-- configuration-test before -->
              <div class="test-method">
                <span class="method-name">verifyHomeScreenElementsPresent</span>
                <span class="method-start">146840 ms</span>
              </div> <!-- test-method -->
              <div class="configuration-test after">
                <span class="method-name">tearDown</span>
                <span class="method-start">149848 ms</span>
              </div> <!-- configuration-test after -->
            </div> <!-- chronological-class -->
            <div class="chronological-class">
              <div class="chronological-class-name">actions.ProfilePageTestSuite</div> <!-- chronological-class-name -->
              <div class="configuration-test before">
                <span class="method-name">startUp</span>
                <span class="method-start">156182 ms</span>
              </div> <!-- configuration-test before -->
              <div class="test-method">
                <img src="failed.png">
                </img>
                <span class="method-name">changeFirstLastNameSuccessfully</span>
                <span class="method-start">186184 ms</span>
              </div> <!-- test-method -->
              <div class="test-method">
                <img src="failed.png">
                </img>
                <span class="method-name">changePasswordInvalidOldPassword</span>
                <span class="method-start">215802 ms</span>
              </div> <!-- test-method -->
              <div class="test-method">
                <img src="failed.png">
                </img>
                <span class="method-name">changePasswordAllFieldsEmpty</span>
                <span class="method-start">227726 ms</span>
              </div> <!-- test-method -->
              <div class="test-method">
                <img src="failed.png">
                </img>
                <span class="method-name">changePasswordNewPasswordAndReTypePasswordFieldsAreEmpty</span>
                <span class="method-start">238807 ms</span>
              </div> <!-- test-method -->
              <div class="test-method">
                <img src="failed.png">
                </img>
                <span class="method-name">changePasswordSuccessfully</span>
                <span class="method-start">249928 ms</span>
              </div> <!-- test-method -->
              <div class="configuration-test after">
                <span class="method-name">tearDown</span>
                <span class="method-start">260683 ms</span>
              </div> <!-- configuration-test after -->
            </div> <!-- chronological-class -->
            <div class="chronological-class">
              <div class="chronological-class-name">actions.SavedPaymentSuite</div> <!-- chronological-class-name -->
              <div class="configuration-test before">
                <span class="method-name">startUp</span>
                <span class="method-start">264564 ms</span>
              </div> <!-- configuration-test before -->
              <div class="test-method">
                <span class="method-name">verifyQROptionIsPresentWhenPayingFromSavedPaymentAirtime</span>
                <span class="method-start">295799 ms</span>
              </div> <!-- test-method -->
              <div class="test-method">
                <span class="method-name">verifyQROptionIsPresentWhenPayingFromSavedPaymentForBills</span>
                <span class="method-start">360899 ms</span>
              </div> <!-- test-method -->
              <div class="test-method">
                <span class="method-name">verifyQROptionIsPresentWhenPayingFromSavedPaymentForTransfer</span>
                <span class="method-start">365939 ms</span>
              </div> <!-- test-method -->
              <div class="configuration-test after">
                <span class="method-name">tearDown</span>
                <span class="method-start">369853 ms</span>
              </div> <!-- configuration-test after -->
            </div> <!-- chronological-class -->
            <div class="chronological-class">
              <div class="chronological-class-name">actions.SearchFieldTestSuite</div> <!-- chronological-class-name -->
              <div class="configuration-test before">
                <span class="method-name">startUp</span>
                <span class="method-start">373734 ms</span>
              </div> <!-- configuration-test before -->
              <div class="test-method">
                <span class="method-name">verifySearchFieldReturnsSavedPaymentItemsFirst</span>
                <span class="method-start">404155 ms</span>
              </div> <!-- test-method -->
              <div class="test-method">
                <span class="method-name">verifyUserReturnstoDashBoardScreenWhenSearchCriteiraIsRemovedFromSearchField</span>
                <span class="method-start">416229 ms</span>
              </div> <!-- test-method -->
              <div class="test-method">
                <span class="method-name">verifySearchFieldReturnsBillerListAfterSavedPaymentOptionsAreExausted</span>
                <span class="method-start">416589 ms</span>
              </div> <!-- test-method -->
              <div class="configuration-test after">
                <span class="method-name">tearDown</span>
                <span class="method-start">417871 ms</span>
              </div> <!-- configuration-test after -->
            </div> <!-- chronological-class -->
            <div class="chronological-class">
              <div class="chronological-class-name">actions.OTPTestSuite</div> <!-- chronological-class-name -->
              <div class="configuration-test before">
                <span class="method-name">startUp</span>
                <span class="method-start">424721 ms</span>
              </div> <!-- configuration-test before -->
              <div class="test-method">
                <span class="method-name">verifyOTPScreenDisplays</span>
                <span class="method-start">455535 ms</span>
              </div> <!-- test-method -->
              <div class="test-method">
                <span class="method-name">InvalidOTPTest</span>
                <span class="method-start">478125 ms</span>
              </div> <!-- test-method -->
              <div class="test-method">
                <span class="method-name">NoOTPTest</span>
                <span class="method-start">478655 ms</span>
              </div> <!-- test-method -->
              <div class="test-method">
                <span class="method-name">ResendOtp</span>
                <span class="method-start">478963 ms</span>
              </div> <!-- test-method -->
              <div class="configuration-test after">
                <span class="method-name">tearDown</span>
                <span class="method-start">479449 ms</span>
              </div> <!-- configuration-test after -->
          </div> <!-- main-panel-content rounded-window-bottom -->
        </div> <!-- panel -->
      </div> <!-- main-panel-root -->
    </div> <!-- wrapper -->
  </body>
</html>
