<?xml version="1.0" encoding="UTF-8"?>
<!-- Generated by org.testng.reporters.JUnitReportReporter -->
<testsuite name="TestNG_TestQ" tests="2" time="0.001" ignored="0" failures="0" timestamp="15 Jun 2019 09:46:14 GMT" skipped="1" hostname="ISW-GSIG-UO1" errors="1">
  <testcase name="testingQt" time="0.001" classname="TestNG_TestQ">
    <skipped/>
  </testcase> <!-- testingQt -->
  <testcase name="startUp" time="0.000" classname="TestNG_TestQ">
    <error type="org.openqa.selenium.SessionNotCreatedException" message="session not created: This version of ChromeDriver only supports Chrome version 75
Build info: version: &#039;3.7.1&#039;, revision: &#039;8a0099a&#039;, time: &#039;2017-11-06T21:01:39.354Z&#039;
System info: host: &#039;ISW-GSIG-UO1&#039;, ip: &#039;172.20.10.2&#039;, os.name: &#039;Windows 10&#039;, os.arch: &#039;amd64&#039;, os.version: &#039;10.0&#039;, java.version: &#039;1.8.0_201&#039;
Driver info: driver.version: ChromeDriver
remote stacktrace: Backtrace:
	Ordinal0 [0x00D41B23+1448739]
	Ordinal0 [0x00CC5A11+940561]
	Ordinal0 [0x00C52293+467603]
	Ordinal0 [0x00BEF27E+62078]
	Ordinal0 [0x00BEBBBD+48061]
	Ordinal0 [0x00C08D19+167193]
	Ordinal0 [0x00C088ED+166125]
	Ordinal0 [0x00C06FFB+159739]
	Ordinal0 [0x00BF09F6+68086]
	Ordinal0 [0x00BF1990+72080]
	Ordinal0 [0x00BF1929+71977]
	GetHandleVerifier [0x00E82E4C+1172140]
	GetHandleVerifier [0x00DDFE35+504469]
	GetHandleVerifier [0x00DDFBD0+503856]
	Ordinal0 [0x00D4C9A8+1493416]
	GetHandleVerifier [0x00DE060A+506474]
	Ordinal0 [0x00CD7136+1012022]
	Ordinal0 [0x00CD6FAF+1011631]
	Ordinal0 [0x00CE133B+1053499]
	Ordinal0 [0x00CE14A3+1053859]
	Ordinal0 [0x00CE04D5+1049813]
	BaseThreadInitThunk [0x76D662C4+36]
	RtlSubscribeWnfStateChangeNotification [0x77490F79+1081]
	RtlSubscribeWnfStateChangeNotification [0x77490F44+1028]
">
      <![CDATA[org.openqa.selenium.SessionNotCreatedException: session not created: This version of ChromeDriver only supports Chrome version 75
Build info: version: '3.7.1', revision: '8a0099a', time: '2017-11-06T21:01:39.354Z'
System info: host: 'ISW-GSIG-UO1', ip: '172.20.10.2', os.name: 'Windows 10', os.arch: 'amd64', os.version: '10.0', java.version: '1.8.0_201'
Driver info: driver.version: ChromeDriver
remote stacktrace: Backtrace:
	Ordinal0 [0x00D41B23+1448739]
	Ordinal0 [0x00CC5A11+940561]
	Ordinal0 [0x00C52293+467603]
	Ordinal0 [0x00BEF27E+62078]
	Ordinal0 [0x00BEBBBD+48061]
	Ordinal0 [0x00C08D19+167193]
	Ordinal0 [0x00C088ED+166125]
	Ordinal0 [0x00C06FFB+159739]
	Ordinal0 [0x00BF09F6+68086]
	Ordinal0 [0x00BF1990+72080]
	Ordinal0 [0x00BF1929+71977]
	GetHandleVerifier [0x00E82E4C+1172140]
	GetHandleVerifier [0x00DDFE35+504469]
	GetHandleVerifier [0x00DDFBD0+503856]
	Ordinal0 [0x00D4C9A8+1493416]
	GetHandleVerifier [0x00DE060A+506474]
	Ordinal0 [0x00CD7136+1012022]
	Ordinal0 [0x00CD6FAF+1011631]
	Ordinal0 [0x00CE133B+1053499]
	Ordinal0 [0x00CE14A3+1053859]
	Ordinal0 [0x00CE04D5+1049813]
	BaseThreadInitThunk [0x76D662C4+36]
	RtlSubscribeWnfStateChangeNotification [0x77490F79+1081]
	RtlSubscribeWnfStateChangeNotification [0x77490F44+1028]

	at sun.reflect.NativeConstructorAccessorImpl.newInstance0(Native Method)
	at sun.reflect.NativeConstructorAccessorImpl.newInstance(Unknown Source)
	at sun.reflect.DelegatingConstructorAccessorImpl.newInstance(Unknown Source)
	at java.lang.reflect.Constructor.newInstance(Unknown Source)
	at org.openqa.selenium.remote.W3CHandshakeResponse.lambda$new$0(W3CHandshakeResponse.java:57)
	at org.openqa.selenium.remote.W3CHandshakeResponse.lambda$getResponseFunction$2(W3CHandshakeResponse.java:104)
	at org.openqa.selenium.remote.ProtocolHandshake.lambda$createSession$0(ProtocolHandshake.java:123)
	at java.util.stream.ReferencePipeline$3$1.accept(Unknown Source)
	at java.util.Spliterators$ArraySpliterator.tryAdvance(Unknown Source)
	at java.util.stream.ReferencePipeline.forEachWithCancel(Unknown Source)
	at java.util.stream.AbstractPipeline.copyIntoWithCancel(Unknown Source)
	at java.util.stream.AbstractPipeline.copyInto(Unknown Source)
	at java.util.stream.AbstractPipeline.wrapAndCopyInto(Unknown Source)
	at java.util.stream.FindOps$FindOp.evaluateSequential(Unknown Source)
	at java.util.stream.AbstractPipeline.evaluate(Unknown Source)
	at java.util.stream.ReferencePipeline.findFirst(Unknown Source)
	at org.openqa.selenium.remote.ProtocolHandshake.createSession(ProtocolHandshake.java:126)
	at org.openqa.selenium.remote.ProtocolHandshake.createSession(ProtocolHandshake.java:73)
	at org.openqa.selenium.remote.HttpCommandExecutor.execute(HttpCommandExecutor.java:142)
	at org.openqa.selenium.remote.service.DriverCommandExecutor.execute(DriverCommandExecutor.java:83)
	at org.openqa.selenium.remote.RemoteWebDriver.execute(RemoteWebDriver.java:600)
	at org.openqa.selenium.remote.RemoteWebDriver.startSession(RemoteWebDriver.java:219)
	at org.openqa.selenium.remote.RemoteWebDriver.<init>(RemoteWebDriver.java:142)
	at org.openqa.selenium.chrome.ChromeDriver.<init>(ChromeDriver.java:181)
	at org.openqa.selenium.chrome.ChromeDriver.<init>(ChromeDriver.java:168)
	at org.openqa.selenium.chrome.ChromeDriver.<init>(ChromeDriver.java:123)
	at TestNG_TestQ.startUp(TestNG_TestQ.java:25)
	at sun.reflect.NativeMethodAccessorImpl.invoke0(Native Method)
	at sun.reflect.NativeMethodAccessorImpl.invoke(Unknown Source)
	at sun.reflect.DelegatingMethodAccessorImpl.invoke(Unknown Source)
	at java.lang.reflect.Method.invoke(Unknown Source)
	at org.testng.internal.MethodInvocationHelper.invokeMethod(MethodInvocationHelper.java:104)
	at org.testng.internal.Invoker.invokeConfigurationMethod(Invoker.java:515)
	at org.testng.internal.Invoker.invokeConfigurations(Invoker.java:217)
	at org.testng.internal.Invoker.invokeConfigurations(Invoker.java:144)
	at org.testng.TestRunner.beforeRun(TestRunner.java:634)
	at org.testng.TestRunner.run(TestRunner.java:602)
	at org.testng.SuiteRunner.runTest(SuiteRunner.java:387)
	at org.testng.SuiteRunner.runSequentially(SuiteRunner.java:382)
	at org.testng.SuiteRunner.privateRun(SuiteRunner.java:340)
	at org.testng.SuiteRunner.run(SuiteRunner.java:289)
	at org.testng.SuiteRunnerWorker.runSuite(SuiteRunnerWorker.java:52)
	at org.testng.SuiteRunnerWorker.run(SuiteRunnerWorker.java:86)
	at org.testng.TestNG.runSuitesSequentially(TestNG.java:1293)
	at org.testng.TestNG.runSuitesLocally(TestNG.java:1218)
	at org.testng.TestNG.runSuites(TestNG.java:1133)
	at org.testng.TestNG.run(TestNG.java:1104)
	at org.testng.remote.AbstractRemoteTestNG.run(AbstractRemoteTestNG.java:132)
	at org.testng.remote.RemoteTestNG.initAndRun(RemoteTestNG.java:236)
	at org.testng.remote.RemoteTestNG.main(RemoteTestNG.java:81)
]]>
    </error>
  </testcase> <!-- startUp -->
</testsuite> <!-- TestNG_TestQ -->
